<?xml version="1.0" encoding="UTF-8"?>
<!-- Generated by org.testng.reporters.JUnitReportReporter -->
<testsuite hostname="DESKTOP-7BL2749" failures="0" tests="6" name="testingbaba_test.Textbox_test" time="5.571" errors="0" timestamp="2025-04-19T22:04:14 IST" skipped="0">
  <testcase classname="testingbaba_test.Textbox_test" name="clickclosebtn" time="1.065"/>
  <testcase classname="testingbaba_test.Textbox_test" name="praticebtn" time="2.448"/>
  <testcase classname="testingbaba_test.Textbox_test" name="clickontextbox_elements" time="1.107"/>
  <testcase classname="testingbaba_test.Textbox_test" name="enterdetails" time="0.733"/>
  <testcase classname="testingbaba_test.Textbox_test" name="submitbtn" time="0.047"/>
  <testcase classname="testingbaba_test.Textbox_test" name="getverifyed" time="0.171"/>
</testsuite> <!-- testingbaba_test.Textbox_test -->
