<?xml version="1.0" encoding="UTF-8"?>
<!-- Generated by org.testng.reporters.JUnitReportReporter -->
<testsuite hostname="DESKTOP-7BL2749" failures="0" tests="4" name="testingbaba_test.Checkbox_test" time="5.724" errors="0" timestamp="2025-04-19T21:40:34 IST" skipped="0">
  <testcase classname="testingbaba_test.Checkbox_test" name="clickclosebtn" time="1.054"/>
  <testcase classname="testingbaba_test.Checkbox_test" name="praticebtn" time="2.448"/>
  <testcase classname="testingbaba_test.Checkbox_test" name="clickontextbox_elements" time="2.097"/>
  <testcase classname="testingbaba_test.Checkbox_test" name="clickonmobilecheckbox_verify" time="0.125"/>
</testsuite> <!-- testingbaba_test.Checkbox_test -->
