<?xml version="1.0" encoding="UTF-8"?>
<!-- Generated by org.testng.reporters.JUnitReportReporter -->
<testsuite hostname="DESKTOP-7BL2749" failures="0" tests="1" name="testingbaba_test.login_test" time="0.009" errors="0" timestamp="2025-04-16T19:33:49 IST" skipped="0">
  <testcase classname="testingbaba_test.login_test" name="ToverifyTitle" time="0.009"/>
</testsuite> <!-- testingbaba_test.login_test -->
