<?xml version="1.0" encoding="UTF-8"?>
<!-- Generated by org.testng.reporters.JUnitReportReporter -->
<testsuite hostname="DESKTOP-7BL2749" failures="0" tests="5" name="testingbaba_test.WebTable_test" time="19.672" errors="0" timestamp="2025-04-19T21:40:34 IST" skipped="0">
  <testcase classname="testingbaba_test.WebTable_test" name="clickclosebtn" time="1.056"/>
  <testcase classname="testingbaba_test.WebTable_test" name="praticebtn" time="2.420"/>
  <testcase classname="testingbaba_test.WebTable_test" name="clickontextbox_elements" time="1.093"/>
  <testcase classname="testingbaba_test.WebTable_test" name="WebTableInputs" time="3.668"/>
  <testcase classname="testingbaba_test.WebTable_test" name="clickondeletebtn" time="11.435"/>
</testsuite> <!-- testingbaba_test.WebTable_test -->
